<?xml version="1.0" encoding="UTF-8"?>
<testsuites tests="14" failures="0" disabled="0" errors="0" time="54.39" name="AllTests">
  <testsuite name="fd" tests="5" failures="0" disabled="0" errors="0" time="40.008">
    <testcase name="dummy_connect_disconnect" status="run" time="7.002" classname="fd" />
    <testcase name="master_redirect" status="run" time="7.001" classname="fd" />
    <testcase name="switch_new_master_suddenly" status="run" time="8.001" classname="fd" />
    <testcase name="old_master_died" status="run" time="10.002" classname="fd" />
    <testcase name="worker_died_when_switch_master" status="run" time="8.002" classname="fd" />
  </testsuite>
  <testsuite name="replication" tests="4" failures="0" disabled="0" errors="0" time="4.84">
    <testcase name="mutation_cache" status="run" time="0" classname="replication" />
    <testcase name="mutation_log_learn" status="run" time="2.178" classname="replication" />
    <testcase name="log_file" status="run" time="2.544" classname="replication" />
    <testcase name="mutation_log" status="run" time="0.118" classname="replication" />
  </testsuite>
  <testsuite name="dump_file" tests="1" failures="0" disabled="0" errors="0" time="0">
    <testcase name="read_write" status="run" time="0" classname="dump_file" />
  </testsuite>
  <testsuite name="meta_state_service" tests="2" failures="0" disabled="0" errors="0" time="2.433">
    <testcase name="simple" status="run" time="1.003" classname="meta_state_service" />
    <testcase name="zookeeper" status="run" time="1.43" classname="meta_state_service" />
  </testsuite>
  <testsuite name="distributed_lock_service_zookeeper" tests="2" failures="0" disabled="0" errors="0" time="7.109">
    <testcase name="simple_lock_unlock" status="run" time="5.007" classname="distributed_lock_service_zookeeper" />
    <testcase name="abnormal_api_call" status="run" time="2.102" classname="distributed_lock_service_zookeeper" />
  </testsuite>
</testsuites>
